C51 COMPILER V9.57.0.0   LDCHIP                                                            04/25/2021 19:35:04 PAGE 1   


C51 COMPILER V9.57.0.0, COMPILATION OF MODULE LDCHIP
OBJECT MODULE PLACED IN ..\obj\LDChip.obj
COMPILER INVOKED BY: D:\Keil uvision5\C51\BIN\C51.EXE ..\code\LDChip.c OPTIMIZE(8,SPEED) BROWSE INCDIR(..\code;..\user) 
                    -DEBUG OBJECTEXTEND PRINT(.\LDChip.lst) TABS(2) OBJECT(..\obj\LDChip.obj)

line level    source

   1          /***********************************************
   2          **  工程名称：UNV-LD3320+STC11语音识别模块驱动程序
   3          **  CPU: STC11L08XE
   4          **  晶振：22.1184MHZ
   5          **  波特率：9600 bit/S
   6          **  修改日期：2018.5.13
   7          **  说明：口令模式： 即每次识别时都需要说“小鹰这个口令 ，才能够进行下一级的识别
   8          /***********************************************/
   9          #include "config.h"
  10          #include "stdio.h"
  11          extern void  delay(unsigned long uldata);
  12          
  13          uint8 idata ucRegVal;
  14          extern uint8 idata nAsrStatus;
  15          
  16          void ProcessInt0(void);
  17          
  18          /************************************************************************
  19          功能描述：   复位LD模块
  20          入口参数：   none
  21          返 回 值：   none
  22          其他说明：   none
  23          **************************************************************************/
  24          void LD_Reset()
  25          {
  26   1        char xdata temp_data[5],res=0,len=0;
  27   1        RSTB=1;
  28   1        delay(5);
  29   1        RSTB=0;
  30   1        delay(5);
  31   1        RSTB=1;
  32   1      
  33   1        delay(5);
  34   1        CSB=0;
  35   1        delay(5);
  36   1        CSB=1;
  37   1        delay(5);
  38   1        
  39   1        
  40   1        res=LD_ReadReg(0x6);
  41   1        len+=sprintf(temp_data+len,"REG-06:%x",res);
  42   1        LD_WriteReg(0x35, 0x33);
  43   1        
  44   1        LD_WriteReg(0x1b, 0x55);
  45   1        LD_WriteReg(0xb3, 0xaa);
  46   1        
  47   1        res=LD_ReadReg(0x35);
  48   1        len+=sprintf(temp_data+len,"REG-35:%x",res);
  49   1        res=LD_ReadReg(0x1b);
  50   1        len+=sprintf(temp_data+len,"REG-1b:%x",res);
  51   1        res=LD_ReadReg(0xb3);
  52   1        len+=sprintf(temp_data+len,"REG-b3:%x",res);
  53   1          
  54   1        PrintCom(temp_data);
C51 COMPILER V9.57.0.0   LDCHIP                                                            04/25/2021 19:35:04 PAGE 2   

  55   1      }
  56          /************************************************************************
  57          功能描述： LD模块命令初始化
  58          入口参数： none
  59          返 回 值： none
  60          其他说明： 该函数为出厂配置，一般不需要修改；
  61                     有兴趣的客户可对照开发手册根据需要自行修改。
  62          **************************************************************************/
  63          void LD_Init_Common()
  64          {
  65   1        LD_ReadReg(0x06);  
  66   1        LD_WriteReg(0x17, 0x35); 
  67   1        delay(10);
  68   1        LD_ReadReg(0x06);  
  69   1      
  70   1        LD_WriteReg(0x89, 0x03);  
  71   1        delay(5);
  72   1        LD_WriteReg(0xCF, 0x43);   
  73   1        delay(5);
  74   1        LD_WriteReg(0xCB, 0x02);
  75   1        
  76   1        /*PLL setting*/
  77   1        LD_WriteReg(0x11, LD_PLL_11);       
  78   1      
  79   1        LD_WriteReg(0x1E,0x00);
  80   1        LD_WriteReg(0x19, LD_PLL_ASR_19); 
  81   1        LD_WriteReg(0x1B, LD_PLL_ASR_1B);   
  82   1        LD_WriteReg(0x1D, LD_PLL_ASR_1D);
  83   1        delay(10);
  84   1        
  85   1          LD_WriteReg(0xCD, 0x04);
  86   1      //  LD_WriteReg(0x17, 0x4c); 
  87   1        delay(5);
  88   1        LD_WriteReg(0xB9, 0x00);
  89   1        LD_WriteReg(0xCF, 0x4F); 
  90   1        LD_WriteReg(0x6F, 0xFF); 
  91   1      }
  92          
  93          /************************************************************************
  94          功能描述：   LD模块 ASR功能初始化
  95          入口参数：   none
  96          返 回 值：   none
  97          其他说明：   该函数为出厂配置，一般不需要修改；
  98                     有兴趣的客户可对照开发手册根据需要自行修改。
  99          **************************************************************************/
 100          void LD_Init_ASR()
 101          {
 102   1        LD_Init_Common();
 103   1        LD_WriteReg(0xBD, 0x00);
 104   1        LD_WriteReg(0x17, 0x48);
 105   1        delay( 10 );
 106   1        LD_WriteReg(0x3C, 0x80);    
 107   1        LD_WriteReg(0x3E, 0x07);
 108   1        LD_WriteReg(0x38, 0xff);    
 109   1        LD_WriteReg(0x3A, 0x07);
 110   1        LD_WriteReg(0x40, 0);          
 111   1        LD_WriteReg(0x42, 8);
 112   1        LD_WriteReg(0x44, 0);    
 113   1        LD_WriteReg(0x46, 8); 
 114   1        delay( 1 );
 115   1      }
 116          
C51 COMPILER V9.57.0.0   LDCHIP                                                            04/25/2021 19:35:04 PAGE 3   

 117          /************************************************************************
 118          功能描述：  中断处理函数
 119          入口参数：   none
 120          返 回 值：   none
 121          其他说明：  当LD模块接收到音频信号时，将进入该函数，
 122                      判断识别是否有结果，如果没有从新配置寄
 123                      存器准备下一次的识别。
 124          **************************************************************************/
 125          void ProcessInt0(void)
 126          {
 127   1        uint8 nAsrResCount=0;
 128   1      
 129   1        EX0=0;
 130   1        ucRegVal = LD_ReadReg(0x2B);
 131   1        LD_WriteReg(0x29,0) ;
 132   1        LD_WriteReg(0x02,0) ;
 133   1        if((ucRegVal & 0x10) &&
 134   1          LD_ReadReg(0xb2)==0x21 && 
 135   1          LD_ReadReg(0xbf)==0x35)     /*识别成功*/
 136   1        { 
 137   2          nAsrResCount = LD_ReadReg(0xba);
 138   2          if(nAsrResCount>0 && nAsrResCount<=4) 
 139   2          {
 140   3            nAsrStatus=LD_ASR_FOUNDOK;
 141   3          }
 142   2          else
 143   2            {
 144   3            nAsrStatus=LD_ASR_FOUNDZERO;
 145   3          } 
 146   2        }                              /*没有识别结果*/
 147   1        else
 148   1        {  
 149   2          nAsrStatus=LD_ASR_FOUNDZERO;
 150   2        }
 151   1          
 152   1        LD_WriteReg(0x2b, 0);
 153   1        LD_WriteReg(0x1C,0);/*写0:ADC不可用*/
 154   1      
 155   1        LD_WriteReg(0x29,0) ;
 156   1        LD_WriteReg(0x02,0) ;
 157   1        LD_WriteReg(0x2B,  0);
 158   1        LD_WriteReg(0xBA, 0); 
 159   1        LD_WriteReg(0xBC,0);  
 160   1        LD_WriteReg(0x08,1);   /*清除FIFO_DATA*/
 161   1        LD_WriteReg(0x08,0);  /*清除FIFO_DATA后 再次写0*/
 162   1      
 163   1      
 164   1        EX0=1;
 165   1      }
 166          
 167          /************************************************************************
 168          功能描述：  运行ASR识别流程
 169          入口参数：  none
 170          返 回 值：  asrflag：1->启动成功， 0―>启动失败
 171          其他说明：  识别顺序如下:
 172                      1、RunASR()函数实现了一次完整的ASR语音识别流程
 173                      2、LD_AsrStart() 函数实现了ASR初始化
 174                      3、LD_AsrAddFixed() 函数实现了添加关键词语到LD3320芯片中
 175                      4、LD_AsrRun()  函数启动了一次ASR语音识别流程         
 176                      任何一次ASR识别流程，都需要按照这个顺序，从初始化开始
 177          **************************************************************************/
 178          uint8 RunASR(void)
C51 COMPILER V9.57.0.0   LDCHIP                                                            04/25/2021 19:35:04 PAGE 4   

 179          {
 180   1        uint8 i=0;
 181   1        uint8 asrflag=0;
 182   1        for (i=0; i<5; i++)     //  防止由于硬件原因导致LD3320芯片工作不正常，所以一共尝试5次启动ASR识别流程
 183   1        {
 184   2          LD_AsrStart();
 185   2          delay(50);
 186   2          if (LD_AsrAddFixed()==0)
 187   2          {
 188   3            LD_Reset();     //  LD3320芯片内部出现不正常，立即重启LD3320芯片
 189   3            delay(50);      //  并从初始化开始重新ASR识别流程
 190   3            continue;
 191   3          }
 192   2          delay(10);
 193   2          if (LD_AsrRun() == 0)
 194   2          {
 195   3            LD_Reset();     //  LD3320芯片内部出现不正常，立即重启LD3320芯片
 196   3            delay(50);      //  并从初始化开始重新ASR识别流程
 197   3            continue;
 198   3          }
 199   2          asrflag=1;
 200   2          break;          //  ASR流程启动成功，退出当前for循环。开始等待LD3320送出的中断信号
 201   2        }
 202   1      
 203   1        return asrflag;
 204   1      }
 205          /************************************************************************
 206          功能描述：  检测LD模块是否空闲
 207          入口参数：  none
 208          返 回 值：  flag：1-> 空闲
 209          其他说明：  none
 210          **************************************************************************/
 211          uint8 LD_Check_ASRBusyFlag_b2()
 212          {
 213   1        uint8 j;
 214   1        uint8 flag = 0;
 215   1        for (j=0; j<10; j++)
 216   1        {
 217   2          if (LD_ReadReg(0xb2) == 0x21)
 218   2          {
 219   3            flag = 1;
 220   3            break;
 221   3          }
 222   2          delay(10);    
 223   2        }
 224   1        return flag;
 225   1      }
 226          /************************************************************************
 227          功能描述：  启动ASR
 228          入口参数：  none
 229          返 回 值：  none
 230          其他说明：  none
 231          **************************************************************************/
 232          void LD_AsrStart()
 233          {
 234   1        LD_Init_ASR();
 235   1      }
 236          /************************************************************************
 237          功能描述：  运行ASR
 238          入口参数：  none
 239          返 回 值：  1：启动成功
 240          其他说明：  none
C51 COMPILER V9.57.0.0   LDCHIP                                                            04/25/2021 19:35:04 PAGE 5   

 241          **************************************************************************/
 242          uint8 LD_AsrRun()
 243          {
 244   1        EX0=0;
 245   1        LD_WriteReg(0x35, MIC_VOL);
 246   1        LD_WriteReg(0x1C, 0x09);
 247   1        LD_WriteReg(0xBD, 0x20);
 248   1        LD_WriteReg(0x08, 0x01);
 249   1        delay( 1 );
 250   1        LD_WriteReg(0x08, 0x00);
 251   1        delay( 1 );
 252   1      
 253   1        if(LD_Check_ASRBusyFlag_b2() == 0)
 254   1        {
 255   2          return 0;
 256   2        }
 257   1      //  LD_WriteReg(0xB6, 0xa); //识别时间   1S
 258   1      //  LD_WriteReg(0xB5, 0x1E); //背景音段时间 300ms
 259   1      //  LD_WriteReg(0xB8, 10); //结束时间
 260   1      
 261   1      //  LD_WriteReg(0x1C, 0x07); //配置双通道音频信号做为输入信号
 262   1        LD_WriteReg(0x1C, 0x0b); //配置麦克风做为输入信号
 263   1      
 264   1      
 265   1        LD_WriteReg(0xB2, 0xff);
 266   1        delay( 1);  
 267   1        LD_WriteReg(0x37, 0x06);
 268   1        delay( 1 );
 269   1          LD_WriteReg(0x37, 0x06);
 270   1          delay( 5 );
 271   1        LD_WriteReg(0x29, 0x10);
 272   1        
 273   1        LD_WriteReg(0xBD, 0x00);
 274   1        EX0=1;
 275   1        return 1;
 276   1      }
 277          /************************************************************************
 278          功能描述： 向LD模块添加关键词
 279          入口参数： none
 280          返 回 值： flag：1->添加成功
 281          其他说明： 用户修改.
 282                     1、根据如下格式添加拼音关键词，同时注意修改sRecog 和pCode 数组的长度
 283                     和对应变了k的循环置。拼音串和识别码是一一对应的。
 284                     2、开发者可以学习"语音识别芯片LD3320高阶秘籍.pdf"中
 285                     关于垃圾词语吸收错误的用法，来提供识别效果。
 286                     3、”xiao ying “ 为口令，故在每次识别时，必须先发一级口令“小鹰”
 287          **************************************************************************/
 288          uint8 LD_AsrAddFixed()
 289          {
 290   1        uint8 k, flag;
 291   1        uint8 nAsrAddLength;
 292   1        #define DATE_A 50   /*数组二维数值*/
 293   1        #define DATE_B 30   /*数组一维数值*/
 294   1        uint8 code sRecog[DATE_A][DATE_B] = {
 295   1                                              "zhi neng la ji xiang",\    
 296   1                                               "ke hui shou la ji",\
 297   1                                               "gan la ji",\
 298   1                                               "shi la ji",\
 299   1                                               "you hai la ji",\
 300   1                                               "yi la guan",\
 301   1                                               "bao zhi",\
 302   1                                               "wei sheng zhi",\
C51 COMPILER V9.57.0.0   LDCHIP                                                            04/25/2021 19:35:04 PAGE 6   

 303   1                                               "mao jin",\
 304   1                                               "sheng cai sheng fan",\
 305   1                                               "guo qi shi pin",\
 306   1                                               "dian chi",\
 307   1                                               "sha chong ji" 
 308   1                                            };  /*添加关键词，用户修改*/
 309   1        uint8 code pCode[DATE_A] = {
 310   1                                    CODE_CMD,\
 311   1                                    CODE_KHSLJ,\
 312   1                                    CODE_GLJ,\
 313   1                                    CODE_SLJ,\
 314   1                                    CODE_YHLJ,\
 315   1                                    CODE_1,\
 316   1                                    CODE_2,\
 317   1                                    CODE_3,\
 318   1                                    CODE_4,\
 319   1                                    CODE_5,\
 320   1                                    CODE_6,\
 321   1                                    CODE_7,\
 322   1                                    CODE_8
 323   1                                   }; /*添加识别码，用户修改*/  
 324   1        flag = 1;
 325   1        for (k=0; k<DATE_A; k++)
 326   1        {
 327   2            
 328   2          if(LD_Check_ASRBusyFlag_b2() == 0)
 329   2          {
 330   3            flag = 0;
 331   3            break;
 332   3          }
 333   2          
 334   2          LD_WriteReg(0xc1, pCode[k] );
 335   2          LD_WriteReg(0xc3, 0 );
 336   2          LD_WriteReg(0x08, 0x04);
 337   2          delay(1);
 338   2          LD_WriteReg(0x08, 0x00);
 339   2          delay(1);
 340   2      
 341   2          for (nAsrAddLength=0; nAsrAddLength<DATE_B; nAsrAddLength++)
 342   2          {
 343   3            if (sRecog[k][nAsrAddLength] == 0)
 344   3              break;
 345   3            LD_WriteReg(0x5, sRecog[k][nAsrAddLength]);
 346   3          }
 347   2          LD_WriteReg(0xb9, nAsrAddLength);
 348   2          LD_WriteReg(0xb2, 0xff);
 349   2          LD_WriteReg(0x37, 0x04);
 350   2        }
 351   1          return flag;
 352   1      }
 353          /************************************************************************
 354          功能描述：  获取识别结果
 355          入口参数：  none
 356          返 回 值：  LD_ReadReg(0xc5 )；  读取内部寄存器返回识别码。
 357          其他说明：  none
 358          **************************************************************************/
 359          uint8 LD_GetResult()
 360          {   
 361   1        return LD_ReadReg(0xc5 );
 362   1      }
 363          
 364          
C51 COMPILER V9.57.0.0   LDCHIP                                                            04/25/2021 19:35:04 PAGE 7   

 365          


MODULE INFORMATION:   STATIC OVERLAYABLE
   CODE SIZE        =   1095    ----
   CONSTANT SIZE    =   1590    ----
   XDATA SIZE       =   ----       7
   PDATA SIZE       =   ----    ----
   DATA SIZE        =   ----       8
   IDATA SIZE       =      1    ----
   BIT SIZE         =   ----    ----
END OF MODULE INFORMATION.


C51 COMPILATION COMPLETE.  0 WARNING(S),  0 ERROR(S)
