C51 COMPILER V9.57.0.0   OLED                                                              04/28/2021 19:18:04 PAGE 1   


C51 COMPILER V9.57.0.0, COMPILATION OF MODULE OLED
OBJECT MODULE PLACED IN .\OBJ\oled.obj
COMPILER INVOKED BY: D:\Keil uvision5\C51\BIN\C51.EXE SRC\oled.c OPTIMIZE(8,SPEED) BROWSE INCDIR(.\SRC) DEBUG OBJECTEXTE
                    -ND PRINT(.\OBJ\oled.lst) TABS(2) OBJECT(.\OBJ\oled.obj)

line level    source

   1          #include "oled.h"
   2          #include "oledfont.h"
   3          #define  u8 unsigned char 
   4          #define  u32 unsigned int 
   5          
   6          //OLED的显存
   7          //存放格式如下.
   8          //[0]0 1 2 3 ... 127  
   9          //[1]0 1 2 3 ... 127  
  10          //[2]0 1 2 3 ... 127  
  11          //[3]0 1 2 3 ... 127  
  12          //[4]0 1 2 3 ... 127  
  13          //[5]0 1 2 3 ... 127  
  14          //[6]0 1 2 3 ... 127  
  15          //[7]0 1 2 3 ... 127
  16          
  17          
  18          //void delay(u8 z)
  19          //{                                                
  20          //    u8 i,j;
  21          //    for(i=z;i>0;i--)
  22          //        for(j=110;j>0;j--);
  23          //}
  24          
  25          void delay_ms(unsigned int ms)
  26          {                         
  27   1        unsigned int a;
  28   1        while(ms)
  29   1        {
  30   2          a=80;
  31   2          while(a--);
  32   2          ms--;
  33   2        }
  34   1        return;
  35   1      }
  36          #if OLED_MODE==1
              //向SSD1106写入一个字节。
              //dat:要写入的数据/命令
              //cmd:数据/命令标志 0,表示命令;1,表示数据;
              void OLED_WR_Byte(u8 dat,u8 cmd)
              {
                DATAOUT(dat);     
                if(cmd)
                  OLED_DC_Set();
                else 
                  OLED_DC_Clr();       
                OLED_CS_Clr();
                OLED_WR_Clr();   
                OLED_WR_Set();
                OLED_CS_Set();    
                OLED_DC_Set();   
              }             
              #else
  54          //向SSD1306写入一个字节。
C51 COMPILER V9.57.0.0   OLED                                                              04/28/2021 19:18:04 PAGE 2   

  55          //dat:要写入的数据/命令
  56          //cmd:数据/命令标志 0,表示命令;1,表示数据;
  57          void OLED_WR_Byte(u8 dat,u8 cmd)
  58          { 
  59   1        u8 i;       
  60   1        if(cmd)
  61   1          OLED_DC_Set();
  62   1        else 
  63   1          OLED_DC_Clr();      
  64   1        OLED_CS_Clr();
  65   1        for(i=0;i<8;i++)
  66   1        {       
  67   2          OLED_SCLK_Clr();
  68   2          if(dat&0x80)
  69   2            {
  70   3             OLED_SDIN_Set();
  71   3            }
  72   2      else
  73   2             OLED_SDIN_Clr();
  74   2              OLED_SCLK_Set();
  75   2          dat<<=1;   
  76   2        }             
  77   1        OLED_CS_Set();
  78   1        OLED_DC_Set();      
  79   1      } 
  80          #endif
  81            void OLED_Set_Pos(unsigned char x, unsigned char y) 
  82          { 
  83   1        OLED_WR_Byte(0xb0+y,OLED_CMD);
  84   1        OLED_WR_Byte(((x&0xf0)>>4)|0x10,OLED_CMD);
  85   1        OLED_WR_Byte((x&0x0f)|0x01,OLED_CMD); 
  86   1      }       
  87          //开启OLED显示    
  88          //void OLED_Display_On(void)
  89          //{
  90          //  OLED_WR_Byte(0X8D,OLED_CMD);  //SET DCDC命令
  91          //  OLED_WR_Byte(0X14,OLED_CMD);  //DCDC ON
  92          //  OLED_WR_Byte(0XAF,OLED_CMD);  //DISPLAY ON
  93          //}
  94          ////关闭OLED显示     
  95          //void OLED_Display_Off(void)
  96          //{
  97          //  OLED_WR_Byte(0X8D,OLED_CMD);  //SET DCDC命令
  98          //  OLED_WR_Byte(0X10,OLED_CMD);  //DCDC OFF
  99          //  OLED_WR_Byte(0XAE,OLED_CMD);  //DISPLAY OFF
 100          //}            
 101          //清屏函数,清完屏,整个屏幕是黑色的!和没点亮一样!!!    
 102          void OLED_Clear(void)  
 103          {  
 104   1        u8 i,n;       
 105   1        for(i=0;i<8;i++)  
 106   1        {  
 107   2          OLED_WR_Byte (0xb0+i,OLED_CMD);    //设置页地址（0~7）
 108   2          OLED_WR_Byte (0x00,OLED_CMD);      //设置显示位置―列低地址
 109   2          OLED_WR_Byte (0x10,OLED_CMD);      //设置显示位置―列高地址   
 110   2          for(n=0;n<128;n++)OLED_WR_Byte(0,OLED_DATA); 
 111   2        } //更新显示
 112   1      }
 113          
 114          
 115          //在指定位置显示一个字符,包括部分字符
 116          //x:0~127
C51 COMPILER V9.57.0.0   OLED                                                              04/28/2021 19:18:04 PAGE 3   

 117          //y:0~63
 118          //mode:0,反白显示;1,正常显示         
 119          //size:选择字体 16/12 
 120          void OLED_ShowChar(u8 x,u8 y,u8 chr)
 121          {       
 122   1        unsigned char c=0,i=0;  
 123   1          c=chr-' ';//得到偏移后的值      
 124   1          if(x>Max_Column-1){x=0;y=y+2;}
 125   1          if(SIZE ==16)
 126   1            {
 127   2            OLED_Set_Pos(x,y);  
 128   2            for(i=0;i<8;i++)
 129   2            OLED_WR_Byte(F8X16[c*16+i],OLED_DATA);
 130   2            OLED_Set_Pos(x,y+1);
 131   2            for(i=0;i<8;i++)
 132   2            OLED_WR_Byte(F8X16[c*16+i+8],OLED_DATA);
 133   2            }
 134   1      //      else {  
 135   1      //        OLED_Set_Pos(x,y);
 136   1      //        for(i=0;i<6;i++)
 137   1      //        OLED_WR_Byte(F6x8[c][i],OLED_DATA);
 138   1      //        
 139   1      //      }
 140   1      }
 141          //m^n函数
 142          //u32 oled_pow(u8 m,u8 n)
 143          //{
 144          //  u32 result=1;  
 145          //  while(n--)result*=m;    
 146          //  return result;
 147          //}         
 148          //显示2个数字
 149          //x,y :起点坐标  
 150          //len :数字的位数
 151          //size:字体大小
 152          //mode:模式 0,填充模式;1,叠加模式
 153          //num:数值(0~4294967295);       
 154          //void OLED_ShowNum(u8 x,u8 y,u32 num,u8 len,u8 size2)
 155          //{           
 156          //  u8 t,temp;
 157          //  u8 enshow=0;               
 158          //  for(t=0;t<len;t++)
 159          //  {
 160          //    temp=(num/oled_pow(10,len-t-1))%10;
 161          //    if(enshow==0&&t<(len-1))
 162          //    {
 163          //      if(temp==0)
 164          //      {
 165          //        OLED_ShowChar(x+(size2/2)*t,y,' ');
 166          //        continue;
 167          //      }else enshow=1; 
 168          //       
 169          //    }
 170          //    OLED_ShowChar(x+(size2/2)*t,y,temp+'0'); 
 171          //  }
 172          //} 
 173          //显示一个字符号串
 174          void OLED_ShowString(u8 x,u8 y,u8 *chr)
 175          {
 176   1        unsigned char j=0;
 177   1        while (chr[j]!='\0')
 178   1        {   OLED_ShowChar(x,y,chr[j]);
C51 COMPILER V9.57.0.0   OLED                                                              04/28/2021 19:18:04 PAGE 4   

 179   2            x+=8;
 180   2          if(x>120){x=0;y+=2;}
 181   2            j++;
 182   2        }
 183   1      }
 184          //显示汉字
 185          void OLED_ShowCHinese(u8 x,u8 y,u8 no)
 186          {               
 187   1        u8 t,adder=0;
 188   1        OLED_Set_Pos(x,y);  
 189   1          for(t=0;t<16;t++)
 190   1          {
 191   2              OLED_WR_Byte(Hzk[2*no][t],OLED_DATA);
 192   2              adder+=1;
 193   2           }  
 194   1          OLED_Set_Pos(x,y+1);  
 195   1          for(t=0;t<16;t++)
 196   1            { 
 197   2              OLED_WR_Byte(Hzk[2*no+1][t],OLED_DATA);
 198   2              adder+=1;
 199   2            }         
 200   1      }
 201          /***********功能描述：显示显示BMP图片128×64起始点坐标(x,y),x的范围0～127，y为页的范围0～7****************
             -*/
 202          //void OLED_DrawBMP(unsigned char x0, unsigned char y0,unsigned char x1, unsigned char y1,unsigned char BM
             -P[])
 203          //{   
 204          // unsigned int j=0;
 205          // unsigned char x,y;
 206          //  
 207          //  if(y1%8==0) y=y1/8;      
 208          //  else y=y1/8+1;
 209          //  for(y=y0;y<y1;y++)
 210          //  {
 211          //    OLED_Set_Pos(x0,y);
 212          //    for(x=x0;x<x1;x++)
 213          //      {      
 214          //        OLED_WR_Byte(BMP[j++],OLED_DATA);       
 215          //      }
 216          //  }
 217          //} 
 218          
 219          
 220          //初始化SSD1306             
 221          void OLED_Init(void)
 222          {
 223   1       
 224   1      
 225   1       
 226   1        OLED_RST_Set();
 227   1        delay_ms(100);
 228   1        OLED_RST_Clr();
 229   1        delay_ms(100);
 230   1        OLED_RST_Set(); 
 231   1        /*          
 232   1        OLED_WR_Byte(0xAE,OLED_CMD);//--turn off oled panel
 233   1        OLED_WR_Byte(0x00,OLED_CMD);//---set low column address
 234   1        OLED_WR_Byte(0x10,OLED_CMD);//---set high column address
 235   1        OLED_WR_Byte(0x40,OLED_CMD);//--set start line address  Set Mapping RAM Display Start Line (0x00~0x3F)
 236   1        OLED_WR_Byte(0x81,OLED_CMD);//--set contrast control register
 237   1        OLED_WR_Byte(0xCF,OLED_CMD); // Set SEG Output Current Brightness
 238   1        OLED_WR_Byte(0xA1,OLED_CMD);//--Set SEG/Column Mapping     0xa0左右反置 0xa1正常
C51 COMPILER V9.57.0.0   OLED                                                              04/28/2021 19:18:04 PAGE 5   

 239   1        OLED_WR_Byte(0xC8,OLED_CMD);//Set COM/Row Scan Direction   0xc0上下反置 0xc8正常
 240   1        OLED_WR_Byte(0xA6,OLED_CMD);//--set normal display
 241   1        OLED_WR_Byte(0xA8,OLED_CMD);//--set multiplex ratio(1 to 64)
 242   1        OLED_WR_Byte(0x3f,OLED_CMD);//--1/64 duty
 243   1        OLED_WR_Byte(0xD3,OLED_CMD);//-set display offset Shift Mapping RAM Counter (0x00~0x3F)
 244   1        OLED_WR_Byte(0x00,OLED_CMD);//-not offset
 245   1        OLED_WR_Byte(0xd5,OLED_CMD);//--set display clock divide ratio/oscillator frequency
 246   1        OLED_WR_Byte(0x80,OLED_CMD);//--set divide ratio, Set Clock as 100 Frames/Sec
 247   1        OLED_WR_Byte(0xD9,OLED_CMD);//--set pre-charge period
 248   1        OLED_WR_Byte(0xF1,OLED_CMD);//Set Pre-Charge as 15 Clocks & Discharge as 1 Clock
 249   1        OLED_WR_Byte(0xDA,OLED_CMD);//--set com pins hardware configuration
 250   1        OLED_WR_Byte(0x12,OLED_CMD);
 251   1        OLED_WR_Byte(0xDB,OLED_CMD);//--set vcomh
 252   1        OLED_WR_Byte(0x40,OLED_CMD);//Set VCOM Deselect Level
 253   1        OLED_WR_Byte(0x20,OLED_CMD);//-Set Page Addressing Mode (0x00/0x01/0x02)
 254   1        OLED_WR_Byte(0x02,OLED_CMD);//
 255   1        OLED_WR_Byte(0x8D,OLED_CMD);//--set Charge Pump enable/disable
 256   1        OLED_WR_Byte(0x14,OLED_CMD);//--set(0x10) disable
 257   1        OLED_WR_Byte(0xA4,OLED_CMD);// Disable Entire Display On (0xa4/0xa5)
 258   1        OLED_WR_Byte(0xA6,OLED_CMD);// Disable Inverse Display On (0xa6/a7) 
 259   1        OLED_WR_Byte(0xAF,OLED_CMD);//--turn on oled panel
 260   1        */
 261   1      
 262   1        OLED_WR_Byte(0xAE,OLED_CMD);//--turn off oled panel
 263   1        OLED_WR_Byte(0x00,OLED_CMD);//---set low column address
 264   1        OLED_WR_Byte(0x10,OLED_CMD);//---set high column address
 265   1        OLED_WR_Byte(0x40,OLED_CMD);//--set start line address  Set Mapping RAM Display Start Line (0x00~0x3F)
 266   1        OLED_WR_Byte(0x81,OLED_CMD);//--set contrast control register
 267   1        OLED_WR_Byte(0xCF,OLED_CMD); // Set SEG Output Current Brightness
 268   1        OLED_WR_Byte(0xA1,OLED_CMD);//--Set SEG/Column Mapping     0xa0左右反置 0xa1正常
 269   1        OLED_WR_Byte(0xC8,OLED_CMD);//Set COM/Row Scan Direction   0xc0上下反置 0xc8正常
 270   1        OLED_WR_Byte(0xA6,OLED_CMD);//--set normal display
 271   1        OLED_WR_Byte(0xA8,OLED_CMD);//--set multiplex ratio(1 to 64)
 272   1        OLED_WR_Byte(0x3f,OLED_CMD);//--1/64 duty
 273   1        OLED_WR_Byte(0xD3,OLED_CMD);//-set display offset Shift Mapping RAM Counter (0x00~0x3F)
 274   1        OLED_WR_Byte(0x00,OLED_CMD);//-not offset
 275   1        OLED_WR_Byte(0xd5,OLED_CMD);//--set display clock divide ratio/oscillator frequency
 276   1        OLED_WR_Byte(0x80,OLED_CMD);//--set divide ratio, Set Clock as 100 Frames/Sec
 277   1        OLED_WR_Byte(0xD9,OLED_CMD);//--set pre-charge period
 278   1        OLED_WR_Byte(0xF1,OLED_CMD);//Set Pre-Charge as 15 Clocks & Discharge as 1 Clock
 279   1        OLED_WR_Byte(0xDA,OLED_CMD);//--set com pins hardware configuration
 280   1        OLED_WR_Byte(0x12,OLED_CMD);
 281   1        OLED_WR_Byte(0xDB,OLED_CMD);//--set vcomh
 282   1        OLED_WR_Byte(0x40,OLED_CMD);//Set VCOM Deselect Level
 283   1        OLED_WR_Byte(0x20,OLED_CMD);//-Set Page Addressing Mode (0x00/0x01/0x02)
 284   1        OLED_WR_Byte(0x02,OLED_CMD);//
 285   1        OLED_WR_Byte(0x8D,OLED_CMD);//--set Charge Pump enable/disable
 286   1        OLED_WR_Byte(0x14,OLED_CMD);//--set(0x10) disable
 287   1        OLED_WR_Byte(0xA4,OLED_CMD);// Disable Entire Display On (0xa4/0xa5)
 288   1        OLED_WR_Byte(0xA6,OLED_CMD);// Disable Inverse Display On (0xa6/a7) 
 289   1        OLED_WR_Byte(0xAF,OLED_CMD);//--turn on oled panel
 290   1        OLED_WR_Byte(0xAF,OLED_CMD); /*display ON*/ 
 291   1        OLED_Clear();
 292   1        OLED_Set_Pos(0,0);  
 293   1      }  
 294          


MODULE INFORMATION:   STATIC OVERLAYABLE
   CODE SIZE        =    560    ----
   CONSTANT SIZE    =   3864    ----
   XDATA SIZE       =   ----    ----
C51 COMPILER V9.57.0.0   OLED                                                              04/28/2021 19:18:04 PAGE 6   

   PDATA SIZE       =   ----    ----
   DATA SIZE        =   ----       7
   IDATA SIZE       =   ----    ----
   BIT SIZE         =   ----    ----
END OF MODULE INFORMATION.


C51 COMPILATION COMPLETE.  0 WARNING(S),  0 ERROR(S)
